2024-10-30 10:46:47.361 [info] Extension host with pid 26048 started
2024-10-30 10:46:47.388 [info] Lock '/home/rcrombe/.vscode-server/data/User/workspaceStorage/33d1ad95b3b94da3f619f73f2e9f31aa/vscode.lock': Lock acquired.
2024-10-30 10:46:47.490 [info] Eager extensions activated
2024-10-30 10:46:52.093 [info] ExtensionService#_doActivateExtension vscode.configuration-editing, startup: false, activationEvent: 'onLanguage:json'
2024-10-30 10:46:52.095 [info] ExtensionService#_doActivateExtension vscode.debug-auto-launch, startup: false, activationEvent: 'onStartupFinished'
2024-10-30 10:46:52.095 [info] ExtensionService#_doActivateExtension vscode.emmet, startup: false, activationEvent: 'onLanguage'
2024-10-30 10:46:52.099 [info] ExtensionService#_doActivateExtension vscode.extension-editing, startup: false, activationEvent: 'onLanguage:json'
2024-10-30 10:46:52.100 [info] ExtensionService#_doActivateExtension vscode.git-base, startup: false, activationEvent: '*', root cause: vscode.git
2024-10-30 10:46:52.102 [info] ExtensionService#_doActivateExtension vscode.json-language-features, startup: false, activationEvent: 'onLanguage:json'
2024-10-30 10:46:52.103 [info] ExtensionService#_doActivateExtension vscode.merge-conflict, startup: false, activationEvent: 'onStartupFinished'
2024-10-30 10:46:52.103 [info] ExtensionService#_doActivateExtension vscode.npm, startup: false, activationEvent: 'onLanguage:json'
2024-10-30 10:46:52.325 [info] ExtensionService#_doActivateExtension vscode.git, startup: false, activationEvent: '*'
2024-10-30 10:46:52.325 [info] ExtensionService#_doActivateExtension vscode.github, startup: false, activationEvent: '*'
2024-10-30 11:28:32.300 [warning] [Decorations] CAPPING events from decorations provider vscode.git 5276
2024-10-30 11:28:33.218 [warning] [Decorations] CAPPING events from decorations provider vscode.git 5276
2024-10-30 11:33:41.226 [warning] [Decorations] CAPPING events from decorations provider vscode.git 5301
2024-10-30 11:33:41.324 [warning] [Decorations] CAPPING events from decorations provider vscode.git 5324
2024-10-30 11:33:45.199 [warning] [Decorations] CAPPING events from decorations provider vscode.git 5301
2024-10-30 11:33:45.257 [warning] [Decorations] CAPPING events from decorations provider vscode.git 5301
2024-10-30 11:33:50.486 [warning] [Decorations] CAPPING events from decorations provider vscode.git 5301
2024-10-30 11:50:50.647 [warning] [Decorations] CAPPING events from decorations provider vscode.git 5301
2024-10-30 11:50:50.778 [warning] [Decorations] CAPPING events from decorations provider vscode.git 5301
2024-10-30 11:50:55.627 [warning] [Decorations] CAPPING events from decorations provider vscode.git 5301
2024-10-30 11:50:59.615 [info] ExtensionService#_doActivateExtension vscode.typescript-language-features, startup: false, activationEvent: 'onLanguage:jsonc'
2024-10-30 11:51:00.867 [warning] [Decorations] CAPPING events from decorations provider vscode.git 5302
2024-10-30 11:51:06.056 [warning] [Decorations] CAPPING events from decorations provider vscode.git 5302
2024-10-30 11:51:11.271 [warning] [Decorations] CAPPING events from decorations provider vscode.git 5302
2024-10-30 11:51:16.487 [warning] [Decorations] CAPPING events from decorations provider vscode.git 5302
2024-10-30 11:51:21.671 [warning] [Decorations] CAPPING events from decorations provider vscode.git 5302
2024-10-30 11:51:26.854 [warning] [Decorations] CAPPING events from decorations provider vscode.git 5302
2024-10-30 11:51:32.027 [warning] [Decorations] CAPPING events from decorations provider vscode.git 5302
2024-10-30 11:51:37.273 [warning] [Decorations] CAPPING events from decorations provider vscode.git 5302
2024-10-30 11:51:42.464 [warning] [Decorations] CAPPING events from decorations provider vscode.git 5302
2024-10-30 11:51:47.687 [warning] [Decorations] CAPPING events from decorations provider vscode.git 5302
2024-10-30 11:51:52.891 [warning] [Decorations] CAPPING events from decorations provider vscode.git 5302
2024-10-30 11:51:58.084 [warning] [Decorations] CAPPING events from decorations provider vscode.git 5302
2024-10-30 11:52:03.287 [warning] [Decorations] CAPPING events from decorations provider vscode.git 5302
2024-10-30 11:52:08.469 [warning] [Decorations] CAPPING events from decorations provider vscode.git 5302
2024-10-30 11:52:13.642 [warning] [Decorations] CAPPING events from decorations provider vscode.git 5302
2024-10-30 11:52:18.822 [warning] [Decorations] CAPPING events from decorations provider vscode.git 5302
2024-10-30 11:52:24.001 [warning] [Decorations] CAPPING events from decorations provider vscode.git 5302
2024-10-30 11:52:29.201 [warning] [Decorations] CAPPING events from decorations provider vscode.git 5302
2024-10-30 11:52:34.379 [warning] [Decorations] CAPPING events from decorations provider vscode.git 5302
2024-10-30 11:52:41.148 [warning] [Decorations] CAPPING events from decorations provider vscode.git 5302
2024-10-30 11:52:46.347 [warning] [Decorations] CAPPING events from decorations provider vscode.git 5302
2024-10-30 11:52:55.190 [warning] [Decorations] CAPPING events from decorations provider vscode.git 5302
2024-10-30 11:53:00.374 [warning] [Decorations] CAPPING events from decorations provider vscode.git 5302
2024-10-30 11:53:06.209 [warning] [Decorations] CAPPING events from decorations provider vscode.git 5302
2024-10-30 11:56:18.563 [warning] [Decorations] CAPPING events from decorations provider vscode.git 5302
2024-10-30 11:56:18.737 [warning] [Decorations] CAPPING events from decorations provider vscode.git 5302
2024-10-30 11:56:23.539 [warning] [Decorations] CAPPING events from decorations provider vscode.git 5302
2024-10-30 11:56:29.333 [warning] [Decorations] CAPPING events from decorations provider vscode.git 5302
2024-10-30 11:56:34.507 [warning] [Decorations] CAPPING events from decorations provider vscode.git 5302
2024-10-30 11:56:39.701 [warning] [Decorations] CAPPING events from decorations provider vscode.git 5302
