0 verbose cli /usr/bin/node /usr/bin/npm
1 info using npm@9.2.0
2 info using node@v18.19.0
3 timing npm:load:whichnode Completed in 0ms
4 timing config:load:defaults Completed in 2ms
5 timing config:load:file:/usr/share/nodejs/npm/npmrc Completed in 6ms
6 timing config:load:builtin Completed in 6ms
7 timing config:load:cli Completed in 2ms
8 timing config:load:env Completed in 1ms
9 timing config:load:project Completed in 1ms
10 timing config:load:file:/home/rcrombe/.npmrc Completed in 0ms
11 timing config:load:user Completed in 0ms
12 timing config:load:file:/etc/npmrc Completed in 0ms
13 timing config:load:global Completed in 0ms
14 timing config:load:setEnvs Completed in 1ms
15 timing config:load Completed in 15ms
16 timing npm:load:configload Completed in 15ms
17 timing npm:load:mkdirpcache Completed in 1ms
18 timing npm:load:mkdirplogs Completed in 0ms
19 verbose title npm install npm
20 verbose argv "install" "npm" "--global"
21 timing npm:load:setTitle Completed in 2ms
22 timing config:load:flatten Completed in 4ms
23 timing npm:load:display Completed in 4ms
24 verbose logfile logs-max:10 dir:/home/rcrombe/.npm/_logs/2024-10-29T15_28_58_573Z-
25 verbose logfile /home/rcrombe/.npm/_logs/2024-10-29T15_28_58_573Z-debug-0.log
26 timing npm:load:logFile Completed in 5ms
27 timing npm:load:timers Completed in 0ms
28 timing npm:load:configScope Completed in 1ms
29 timing npm:load Completed in 30ms
30 timing config:load:flatten Completed in 1ms
31 silly logfile done cleaning log files
32 http fetch GET 200 https://registry.npmjs.org/npm 333ms (cache miss)
33 timing arborist:ctor Completed in 1ms
34 timing idealTree:init Completed in 7ms
35 timing idealTree:userRequests Completed in 3ms
36 silly idealTree buildDeps
37 silly fetch manifest npm@*
38 http fetch GET 200 https://registry.npmjs.org/npm 115ms (cache hit)
39 silly placeDep ROOT npm@10.9.0 OK for:  want: *
40 timing idealTree:#root Completed in 155ms
41 timing idealTree:node_modules/npm Completed in 0ms
42 timing idealTree:buildDeps Completed in 156ms
43 timing idealTree:fixDepFlags Completed in 1ms
44 timing idealTree Completed in 170ms
45 timing reify:loadTrees Completed in 173ms
46 timing reify:diffTrees Completed in 2ms
47 silly reify moves {}
48 timing reify:retireShallow Completed in 1ms
49 timing reify:rollback:createSparse Completed in 0ms
50 timing reify:rollback:retireShallow Completed in 0ms
51 timing command:install Completed in 577ms
52 verbose stack Error: EACCES: permission denied, mkdir '/usr/local/lib/node_modules'
53 verbose cwd /home/rcrombe
54 verbose Linux 6.1.0-25-amd64
55 verbose node v18.19.0
56 verbose npm  v9.2.0
57 error code EACCES
58 error syscall mkdir
59 error path /usr/local/lib/node_modules
60 error errno -13
61 error [Error: EACCES: permission denied, mkdir '/usr/local/lib/node_modules'] {
61 error   errno: -13,
61 error   code: 'EACCES',
61 error   syscall: 'mkdir',
61 error   path: '/usr/local/lib/node_modules'
61 error }
62 error
62 error The operation was rejected by your operating system.
62 error It is likely you do not have the permissions to access this file as the current user
62 error
62 error If you believe this might be a permissions issue, please double-check the
62 error permissions of the file and its containing directories, or try running
62 error the command again as root/Administrator.
63 verbose exit -13
64 timing npm Completed in 633ms
65 verbose unfinished npm timer reify 1730215738995
66 verbose unfinished npm timer reify:createSparse 1730215739195
67 verbose code -13
68 error A complete log of this run can be found in:
68 error     /home/rcrombe/.npm/_logs/2024-10-29T15_28_58_573Z-debug-0.log
