0 verbose cli /usr/bin/node /usr/local/bin/npm
1 info using npm@10.9.0
2 info using node@v18.19.0
3 silly config load:file:/usr/local/lib/node_modules/npm/npmrc
4 silly config load:file:/home/rcrombe/.npmrc
5 silly config load:file:/etc/npmrc
6 verbose title npm uninstall @angular/cli
7 verbose argv "uninstall" "--global" "@angular/cli"
8 verbose logfile logs-max:10 dir:/home/rcrombe/.npm/_logs/2024-10-30T10_10_31_160Z-
9 verbose logfile /home/rcrombe/.npm/_logs/2024-10-30T10_10_31_160Z-debug-0.log
10 silly packumentCache heap:987758592 maxSize:246939648 maxEntrySize:123469824
11 silly logfile done cleaning log files
12 silly idealTree buildDeps
13 silly reify moves {}
14 verbose cwd /home/rcrombe
15 verbose os Linux 6.1.0-25-amd64
16 verbose node v18.19.0
17 verbose npm  v10.9.0
18 verbose exit 0
19 info ok
