2024-10-30 10:46:52.627 [info] [main] Log level: Info
2024-10-30 10:46:52.627 [info] [main] Validating found git in: "git"
2024-10-30 10:46:52.627 [info] [main] Using git "2.39.2" from "git"
2024-10-30 10:46:52.627 [info] [Model][doInitialScan] Initial repository scan started
2024-10-30 10:46:52.627 [warning] [Model][traverseWorkspaceFolder] Unable to read workspace folder '/home/lost+found': Error: EACCES: permission denied, scandir '/home/lost+found'
2024-10-30 10:46:52.627 [warning] [Model][traverseWorkspaceFolder] Unable to read workspace folder '/home/production': Error: EACCES: permission denied, scandir '/home/production'
2024-10-30 10:46:52.627 [info] > git rev-parse --show-toplevel [45ms]
2024-10-30 10:46:52.627 [info] fatal: not a git repository (or any parent up to mount point /)
Stopping at filesystem boundary (GIT_DISCOVERY_ACROSS_FILESYSTEM not set).
2024-10-30 10:46:52.633 [info] > git rev-parse --show-toplevel [6ms]
2024-10-30 10:46:52.633 [info] fatal: not a git repository (or any parent up to mount point /)
Stopping at filesystem boundary (GIT_DISCOVERY_ACROSS_FILESYSTEM not set).
2024-10-30 10:46:52.637 [info] [Model][doInitialScan] Initial repository scan completed - repositories (0), closed repositories (0), parent repositories (0), unsafe repositories (0)
2024-10-30 11:19:09.372 [info] > git rev-parse --show-toplevel [3ms]
2024-10-30 11:19:09.373 [info] fatal: not a git repository (or any parent up to mount point /)
Stopping at filesystem boundary (GIT_DISCOVERY_ACROSS_FILESYSTEM not set).
2024-10-30 11:19:09.380 [info] > git rev-parse --show-toplevel [2ms]
2024-10-30 11:19:09.381 [info] fatal: not a git repository (or any parent up to mount point /)
Stopping at filesystem boundary (GIT_DISCOVERY_ACROSS_FILESYSTEM not set).
2024-10-30 11:22:44.925 [info] > git rev-parse --show-toplevel [2ms]
2024-10-30 11:22:44.925 [info] fatal: not a git repository (or any parent up to mount point /)
Stopping at filesystem boundary (GIT_DISCOVERY_ACROSS_FILESYSTEM not set).
2024-10-30 11:24:32.200 [info] > git rev-parse --show-toplevel [5ms]
2024-10-30 11:24:32.214 [info] > git rev-parse --git-dir --git-common-dir [4ms]
2024-10-30 11:24:32.228 [info] [Model][openRepository] Opened repository: /home/rcrombe/intra_front
2024-10-30 11:24:32.241 [info] [Git][getRemotes] No remotes found in the git config file
2024-10-30 11:24:32.242 [info] > git rev-parse --show-toplevel [5ms]
2024-10-30 11:24:32.242 [info] > git config --get commit.template [9ms]
2024-10-30 11:24:32.246 [info] > git rev-parse --show-toplevel [1ms]
2024-10-30 11:24:32.250 [info] > git for-each-ref --format=%(refname)%00%(upstream:short)%00%(objectname)%00%(upstream:track)%00%(upstream:remotename)%00%(upstream:remoteref) refs/heads/master refs/remotes/master [11ms]
2024-10-30 11:24:32.250 [warning] [Git][getBranch] No such branch: master
2024-10-30 11:24:32.259 [info] > git rev-parse --show-toplevel [10ms]
2024-10-30 11:24:32.262 [info] > git for-each-ref --sort -committerdate --format %(refname) %(objectname) %(*objectname) [4ms]
2024-10-30 11:24:32.263 [info] > git rev-parse --show-toplevel [2ms]
2024-10-30 11:24:32.266 [info] > git status -z -uall [13ms]
2024-10-30 11:24:32.282 [info] > git for-each-ref --format=%(refname)%00%(upstream:short)%00%(objectname)%00%(upstream:track)%00%(upstream:remotename)%00%(upstream:remoteref) refs/heads/master refs/remotes/master [8ms]
2024-10-30 11:24:32.282 [warning] [Git][getBranch] No such branch: master
2024-10-30 11:24:32.301 [error] [GitHistoryProvider][resolveHEADMergeBase] Failed to resolve merge base for master: Error: No such branch: master.
2024-10-30 11:24:32.304 [info] > git rev-parse --show-toplevel [38ms]
2024-10-30 11:24:32.314 [info] > git config --get commit.template [33ms]
2024-10-30 11:24:32.319 [info] [Git][getRemotes] No remotes found in the git config file
2024-10-30 11:24:32.430 [info] > git for-each-ref --format=%(refname)%00%(upstream:short)%00%(objectname)%00%(upstream:track)%00%(upstream:remotename)%00%(upstream:remoteref) refs/heads/master refs/remotes/master [111ms]
2024-10-30 11:24:32.430 [warning] [Git][getBranch] No such branch: master
2024-10-30 11:24:32.439 [info] > git rev-parse --show-toplevel [127ms]
2024-10-30 11:24:32.444 [info] > git status -z -uall [8ms]
2024-10-30 11:24:32.445 [info] > git for-each-ref --sort -committerdate --format %(refname) %(objectname) %(*objectname) [6ms]
2024-10-30 11:24:32.448 [info] > git rev-parse --show-toplevel [4ms]
2024-10-30 11:24:32.453 [info] > git rev-parse --show-toplevel [2ms]
2024-10-30 11:24:32.456 [info] > git rev-parse --show-toplevel [1ms]
2024-10-30 11:24:32.460 [info] > git rev-parse --show-toplevel [1ms]
2024-10-30 11:24:32.464 [info] > git rev-parse --show-toplevel [1ms]
2024-10-30 11:24:32.467 [info] > git rev-parse --show-toplevel [1ms]
2024-10-30 11:24:32.470 [info] > git rev-parse --show-toplevel [1ms]
2024-10-30 11:24:32.474 [info] > git rev-parse --show-toplevel [1ms]
2024-10-30 11:24:32.477 [info] > git rev-parse --show-toplevel [1ms]
2024-10-30 11:24:32.481 [info] > git rev-parse --show-toplevel [1ms]
2024-10-30 11:24:32.485 [info] > git rev-parse --show-toplevel [2ms]
2024-10-30 11:24:32.488 [info] > git rev-parse --show-toplevel [1ms]
2024-10-30 11:24:32.492 [info] > git rev-parse --show-toplevel [2ms]
2024-10-30 11:24:32.495 [info] > git rev-parse --show-toplevel [1ms]
2024-10-30 11:24:32.499 [info] > git rev-parse --show-toplevel [1ms]
2024-10-30 11:24:32.502 [info] > git rev-parse --show-toplevel [1ms]
2024-10-30 11:24:32.506 [info] > git rev-parse --show-toplevel [2ms]
2024-10-30 11:24:32.510 [info] > git rev-parse --show-toplevel [1ms]
2024-10-30 11:24:32.514 [info] > git rev-parse --show-toplevel [1ms]
2024-10-30 11:24:32.518 [info] > git rev-parse --show-toplevel [1ms]
2024-10-30 11:24:32.522 [info] > git rev-parse --show-toplevel [2ms]
2024-10-30 11:24:32.532 [info] > git rev-parse --show-toplevel [4ms]
2024-10-30 11:24:32.541 [info] > git rev-parse --show-toplevel [2ms]
2024-10-30 11:24:32.557 [info] > git rev-parse --show-toplevel [10ms]
2024-10-30 11:24:32.565 [info] > git rev-parse --show-toplevel [1ms]
2024-10-30 11:24:32.569 [info] > git rev-parse --show-toplevel [2ms]
2024-10-30 11:24:32.573 [info] > git rev-parse --show-toplevel [1ms]
2024-10-30 11:24:32.576 [info] > git rev-parse --show-toplevel [1ms]
2024-10-30 11:24:32.579 [info] > git rev-parse --show-toplevel [1ms]
2024-10-30 11:24:32.583 [info] > git rev-parse --show-toplevel [1ms]
2024-10-30 11:24:32.586 [info] > git rev-parse --show-toplevel [1ms]
2024-10-30 11:24:32.589 [info] > git rev-parse --show-toplevel [1ms]
2024-10-30 11:24:32.593 [info] > git rev-parse --show-toplevel [1ms]
2024-10-30 11:24:32.596 [info] > git rev-parse --show-toplevel [1ms]
2024-10-30 11:24:32.599 [info] > git rev-parse --show-toplevel [1ms]
2024-10-30 11:24:32.603 [info] > git rev-parse --show-toplevel [1ms]
2024-10-30 11:24:32.606 [info] > git rev-parse --show-toplevel [1ms]
2024-10-30 11:25:31.734 [info] > git rev-parse --show-toplevel [2ms]
2024-10-30 11:25:31.734 [info] fatal: not a git repository (or any parent up to mount point /)
Stopping at filesystem boundary (GIT_DISCOVERY_ACROSS_FILESYSTEM not set).
2024-10-30 11:25:31.764 [info] > git check-ignore -v -z --stdin [40ms]
2024-10-30 11:28:31.703 [info] > git rev-parse --show-toplevel [4ms]
2024-10-30 11:28:31.711 [info] > git rev-parse --git-dir --git-common-dir [2ms]
2024-10-30 11:28:31.718 [info] [Model][openRepository] Opened repository: /home/rcrombe
2024-10-30 11:28:31.727 [info] [Git][getRemotes] No remotes found in the git config file
2024-10-30 11:28:31.728 [info] > git config --get commit.template [5ms]
2024-10-30 11:28:31.728 [info] > git for-each-ref --format=%(refname)%00%(upstream:short)%00%(objectname)%00%(upstream:track)%00%(upstream:remotename)%00%(upstream:remoteref) refs/heads/master refs/remotes/master [1ms]
2024-10-30 11:28:31.729 [warning] [Git][getBranch] No such branch: master
2024-10-30 11:28:31.735 [info] > git for-each-ref --sort -committerdate --format %(refname) %(objectname) %(*objectname) [2ms]
2024-10-30 11:28:32.197 [info] > git status -z -uall [466ms]
2024-10-30 11:28:32.992 [info] > git for-each-ref --format=%(refname)%00%(upstream:short)%00%(objectname)%00%(upstream:track)%00%(upstream:remotename)%00%(upstream:remoteref) refs/heads/master refs/remotes/master [648ms]
2024-10-30 11:28:32.993 [warning] [Git][getBranch] No such branch: master
2024-10-30 11:28:32.993 [error] [GitHistoryProvider][resolveHEADMergeBase] Failed to resolve merge base for master: Error: No such branch: master.
2024-10-30 11:28:33.021 [info] > git config --get commit.template [29ms]
2024-10-30 11:28:33.024 [info] [Git][getRemotes] No remotes found in the git config file
2024-10-30 11:28:33.065 [info] > git for-each-ref --format=%(refname)%00%(upstream:short)%00%(objectname)%00%(upstream:track)%00%(upstream:remotename)%00%(upstream:remoteref) refs/heads/master refs/remotes/master [41ms]
2024-10-30 11:28:33.065 [warning] [Git][getBranch] No such branch: master
2024-10-30 11:28:33.080 [info] > git for-each-ref --sort -committerdate --format %(refname) %(objectname) %(*objectname) [6ms]
2024-10-30 11:28:33.176 [info] > git status -z -uall [107ms]
2024-10-30 11:29:31.720 [info] > git check-ignore -v -z --stdin [6ms]
2024-10-30 11:29:31.721 [info] > git check-ignore -v -z --stdin [2ms]
2024-10-30 11:32:32.285 [info] > git check-ignore -v -z --stdin [241ms]
2024-10-30 11:33:39.885 [warning] [Git][getHEAD] Failed to parse HEAD file: ENOENT: no such file or directory, open '/home/rcrombe/intra_front/.git/HEAD'
2024-10-30 11:33:39.889 [warning] [Git][getRemotes] Error: ENOENT: no such file or directory, open '/home/rcrombe/intra_front/.git/config'
2024-10-30 11:33:39.894 [info] > git remote --verbose [6ms]
2024-10-30 11:33:39.895 [info] > git symbolic-ref --short HEAD [10ms]
2024-10-30 11:33:39.920 [info] > git config --get commit.template [39ms]
2024-10-30 11:33:39.932 [info] > git config --get commit.template [39ms]
2024-10-30 11:33:39.935 [info] [Git][getRemotes] No remotes found in the git config file
2024-10-30 11:33:39.936 [info] > git for-each-ref --format=%(refname)%00%(upstream:short)%00%(objectname)%00%(upstream:track)%00%(upstream:remotename)%00%(upstream:remoteref) refs/heads/master refs/remotes/master [17ms]
2024-10-30 11:33:39.936 [warning] [Git][getBranch] No such branch: master
2024-10-30 11:33:39.945 [info] > git for-each-ref --format=%(refname)%00%(upstream:short)%00%(objectname)%00%(upstream:track)%00%(upstream:remotename)%00%(upstream:remoteref) refs/heads/master refs/remotes/master [10ms]
2024-10-30 11:33:39.946 [warning] [Git][getBranch] No such branch: master
2024-10-30 11:33:39.952 [info] > git for-each-ref --sort -committerdate --format %(refname) %(objectname) %(*objectname) [8ms]
2024-10-30 11:33:39.954 [info] > git for-each-ref --sort -committerdate --format %(refname) %(objectname) %(*objectname) [3ms]
2024-10-30 11:33:39.992 [info] > git fetch [193ms]
2024-10-30 11:33:40.003 [info] > git status -z -uall [55ms] (cancelled)
2024-10-30 11:33:40.003 [info] > git fetch [209ms]
2024-10-30 11:33:40.009 [warning] [Git][getHEAD] Failed to parse HEAD file: ENOENT: no such file or directory, open '/home/rcrombe/intra_front/.git/HEAD'
2024-10-30 11:33:40.014 [warning] [Git][getRemotes] Error: ENOENT: no such file or directory, open '/home/rcrombe/intra_front/.git/config'
2024-10-30 11:33:40.017 [info] > git status -z -uall [77ms] (cancelled)
2024-10-30 11:33:40.019 [info] > git remote --verbose [4ms]
2024-10-30 11:33:40.019 [info] > git symbolic-ref --short HEAD [10ms]
2024-10-30 11:33:40.022 [info] > git config --get commit.template [20ms]
2024-10-30 11:33:40.025 [info] [Git][getRemotes] No remotes found in the git config file
2024-10-30 11:33:40.026 [info] > git config --get commit.template [9ms]
2024-10-30 11:33:40.026 [info] > git for-each-ref --format=%(refname)%00%(upstream:short)%00%(objectname)%00%(upstream:track)%00%(upstream:remotename)%00%(upstream:remoteref) refs/heads/master refs/remotes/master [4ms]
2024-10-30 11:33:40.026 [warning] [Git][getBranch] No such branch: master
2024-10-30 11:33:40.033 [info] > git for-each-ref --format=%(refname)%00%(upstream:short)%00%(objectname)%00%(upstream:track)%00%(upstream:remotename)%00%(upstream:remoteref) refs/heads/master refs/remotes/master [8ms]
2024-10-30 11:33:40.033 [warning] [Git][getBranch] No such branch: master
2024-10-30 11:33:40.040 [info] > git for-each-ref --sort -committerdate --format %(refname) %(objectname) %(*objectname) [8ms]
2024-10-30 11:33:40.045 [info] > git for-each-ref --sort -committerdate --format %(refname) %(objectname) %(*objectname) [5ms]
2024-10-30 11:33:41.163 [info] > git status -z -uall [1128ms]
2024-10-30 11:33:41.257 [info] > git status -z -uall [1228ms]
2024-10-30 11:33:43.726 [info] > git check-ignore -v -z --stdin [4ms]
2024-10-30 11:33:45.020 [warning] [Git][getHEAD] Failed to parse HEAD file: ENOENT: no such file or directory, open '/home/rcrombe/intra_front/.git/HEAD'
2024-10-30 11:33:45.025 [warning] [Git][getRemotes] Error: ENOENT: no such file or directory, open '/home/rcrombe/intra_front/.git/config'
2024-10-30 11:33:45.030 [info] > git remote --verbose [5ms]
2024-10-30 11:33:45.030 [info] > git symbolic-ref --short HEAD [10ms]
2024-10-30 11:33:45.038 [info] > git config --get commit.template [23ms]
2024-10-30 11:33:45.042 [info] [Git][getRemotes] No remotes found in the git config file
2024-10-30 11:33:45.042 [info] > git for-each-ref --format=%(refname)%00%(upstream:short)%00%(objectname)%00%(upstream:track)%00%(upstream:remotename)%00%(upstream:remoteref) refs/heads/master refs/remotes/master [6ms]
2024-10-30 11:33:45.042 [warning] [Git][getBranch] No such branch: master
2024-10-30 11:33:45.043 [info] > git config --get commit.template [15ms]
2024-10-30 11:33:45.055 [info] > git for-each-ref --sort -committerdate --format %(refname) %(objectname) %(*objectname) [2ms]
2024-10-30 11:33:45.056 [info] > git for-each-ref --format=%(refname)%00%(upstream:short)%00%(objectname)%00%(upstream:track)%00%(upstream:remotename)%00%(upstream:remoteref) refs/heads/master refs/remotes/master [15ms]
2024-10-30 11:33:45.056 [warning] [Git][getBranch] No such branch: master
2024-10-30 11:33:45.075 [info] > git for-each-ref --sort -committerdate --format %(refname) %(objectname) %(*objectname) [6ms]
2024-10-30 11:33:45.157 [info] > git status -z -uall [111ms]
2024-10-30 11:33:45.214 [info] > git status -z -uall [155ms]
2024-10-30 11:33:50.295 [info] [Git][getRemotes] No remotes found in the git config file
2024-10-30 11:33:50.299 [info] > git for-each-ref --format=%(refname)%00%(upstream:short)%00%(objectname)%00%(upstream:track)%00%(upstream:remotename)%00%(upstream:remoteref) refs/heads/master refs/remotes/master [4ms]
2024-10-30 11:33:50.299 [warning] [Git][getBranch] No such branch: master
2024-10-30 11:33:50.300 [info] > git config --get commit.template [12ms]
2024-10-30 11:33:50.312 [info] > git for-each-ref --sort -committerdate --format %(refname) %(objectname) %(*objectname) [2ms]
2024-10-30 11:33:50.410 [info] > git status -z -uall [103ms]
2024-10-30 11:50:50.423 [info] > git fetch [9ms]
2024-10-30 11:50:50.432 [info] [Git][getRemotes] No remotes found in the git config file
2024-10-30 11:50:50.433 [info] > git config --get commit.template [10ms]
2024-10-30 11:50:50.434 [info] > git fetch [16ms]
2024-10-30 11:50:50.435 [info] > git config --get commit.template [7ms]
2024-10-30 11:50:50.439 [warning] [Git][getHEAD] Failed to parse HEAD file: ENOENT: no such file or directory, open '/home/rcrombe/intra_front/.git/HEAD'
2024-10-30 11:50:50.442 [warning] [Git][getRemotes] Error: ENOENT: no such file or directory, open '/home/rcrombe/intra_front/.git/config'
2024-10-30 11:50:50.446 [info] > git for-each-ref --format=%(refname)%00%(upstream:short)%00%(objectname)%00%(upstream:track)%00%(upstream:remotename)%00%(upstream:remoteref) refs/heads/master refs/remotes/master [14ms]
2024-10-30 11:50:50.447 [warning] [Git][getBranch] No such branch: master
2024-10-30 11:50:50.453 [info] [Git][getRemotes] No remotes found in the git config file
2024-10-30 11:50:50.454 [info] > git config --get commit.template [10ms]
2024-10-30 11:50:50.454 [info] > git remote --verbose [12ms]
2024-10-30 11:50:50.454 [info] > git symbolic-ref --short HEAD [15ms]
2024-10-30 11:50:50.459 [info] > git for-each-ref --format=%(refname)%00%(upstream:short)%00%(objectname)%00%(upstream:track)%00%(upstream:remotename)%00%(upstream:remoteref) refs/heads/master refs/remotes/master [6ms]
2024-10-30 11:50:50.459 [warning] [Git][getBranch] No such branch: master
2024-10-30 11:50:50.465 [info] > git for-each-ref --format=%(refname)%00%(upstream:short)%00%(objectname)%00%(upstream:track)%00%(upstream:remotename)%00%(upstream:remoteref) refs/heads/master refs/remotes/master [7ms]
2024-10-30 11:50:50.465 [warning] [Git][getBranch] No such branch: master
2024-10-30 11:50:50.481 [info] > git for-each-ref --sort -committerdate --format %(refname) %(objectname) %(*objectname) [16ms]
2024-10-30 11:50:50.483 [info] > git for-each-ref --sort -committerdate --format %(refname) %(objectname) %(*objectname) [3ms]
2024-10-30 11:50:50.585 [info] > git status -z -uall [124ms]
2024-10-30 11:50:50.684 [info] > git status -z -uall [214ms]
2024-10-30 11:50:55.469 [info] [Git][getRemotes] No remotes found in the git config file
2024-10-30 11:50:55.471 [info] > git config --get commit.template [10ms]
2024-10-30 11:50:55.472 [info] > git for-each-ref --format=%(refname)%00%(upstream:short)%00%(objectname)%00%(upstream:track)%00%(upstream:remotename)%00%(upstream:remoteref) refs/heads/master refs/remotes/master [4ms]
2024-10-30 11:50:55.472 [warning] [Git][getBranch] No such branch: master
2024-10-30 11:50:55.488 [info] > git for-each-ref --sort -committerdate --format %(refname) %(objectname) %(*objectname) [4ms]
2024-10-30 11:50:55.573 [info] > git status -z -uall [96ms]
2024-10-30 11:51:00.595 [info] > git rev-parse --show-toplevel [10ms]
2024-10-30 11:51:00.595 [info] fatal: not a git repository (or any parent up to mount point /)
Stopping at filesystem boundary (GIT_DISCOVERY_ACROSS_FILESYSTEM not set).
2024-10-30 11:51:00.706 [info] [Git][getRemotes] No remotes found in the git config file
2024-10-30 11:51:00.707 [info] > git config --get commit.template [7ms]
2024-10-30 11:51:00.709 [info] > git for-each-ref --format=%(refname)%00%(upstream:short)%00%(objectname)%00%(upstream:track)%00%(upstream:remotename)%00%(upstream:remoteref) refs/heads/master refs/remotes/master [3ms]
2024-10-30 11:51:00.710 [warning] [Git][getBranch] No such branch: master
2024-10-30 11:51:00.754 [info] > git for-each-ref --sort -committerdate --format %(refname) %(objectname) %(*objectname) [28ms]
2024-10-30 11:51:00.815 [info] > git status -z -uall [96ms]
2024-10-30 11:51:02.281 [info] > git rev-parse --show-toplevel [3ms]
2024-10-30 11:51:02.281 [info] fatal: not a git repository (or any parent up to mount point /)
Stopping at filesystem boundary (GIT_DISCOVERY_ACROSS_FILESYSTEM not set).
2024-10-30 11:51:05.896 [info] [Git][getRemotes] No remotes found in the git config file
2024-10-30 11:51:05.897 [info] > git config --get commit.template [9ms]
2024-10-30 11:51:05.900 [info] > git for-each-ref --format=%(refname)%00%(upstream:short)%00%(objectname)%00%(upstream:track)%00%(upstream:remotename)%00%(upstream:remoteref) refs/heads/master refs/remotes/master [4ms]
2024-10-30 11:51:05.900 [warning] [Git][getBranch] No such branch: master
2024-10-30 11:51:05.915 [info] > git for-each-ref --sort -committerdate --format %(refname) %(objectname) %(*objectname) [6ms]
2024-10-30 11:51:06.005 [info] > git status -z -uall [101ms]
2024-10-30 11:51:07.180 [info] > git check-ignore -v -z --stdin [4ms]
2024-10-30 11:51:11.084 [info] [Git][getRemotes] No remotes found in the git config file
2024-10-30 11:51:11.086 [info] > git config --get commit.template [11ms]
2024-10-30 11:51:11.086 [info] > git for-each-ref --format=%(refname)%00%(upstream:short)%00%(objectname)%00%(upstream:track)%00%(upstream:remotename)%00%(upstream:remoteref) refs/heads/master refs/remotes/master [2ms]
2024-10-30 11:51:11.087 [warning] [Git][getBranch] No such branch: master
2024-10-30 11:51:11.106 [info] > git for-each-ref --sort -committerdate --format %(refname) %(objectname) %(*objectname) [9ms]
2024-10-30 11:51:11.199 [info] > git status -z -uall [108ms]
2024-10-30 11:51:16.313 [info] [Git][getRemotes] No remotes found in the git config file
2024-10-30 11:51:16.315 [info] > git config --get commit.template [25ms]
2024-10-30 11:51:16.319 [info] > git for-each-ref --format=%(refname)%00%(upstream:short)%00%(objectname)%00%(upstream:track)%00%(upstream:remotename)%00%(upstream:remoteref) refs/heads/master refs/remotes/master [6ms]
2024-10-30 11:51:16.319 [warning] [Git][getBranch] No such branch: master
2024-10-30 11:51:16.334 [info] > git for-each-ref --sort -committerdate --format %(refname) %(objectname) %(*objectname) [1ms]
2024-10-30 11:51:16.425 [info] > git status -z -uall [98ms]
2024-10-30 11:51:17.047 [info] > git rev-parse --show-toplevel [487ms]
2024-10-30 11:51:17.047 [info] fatal: not a git repository (or any parent up to mount point /)
Stopping at filesystem boundary (GIT_DISCOVERY_ACROSS_FILESYSTEM not set).
2024-10-30 11:51:17.047 [info] > git log --format=%H%n%aN%n%aE%n%at%n%ct%n%P%n%D%n%B -z --shortstat --diff-merges=first-parent -n50 --skip=0 --topo-order --decorate=full --stdin [505ms]
2024-10-30 11:51:17.048 [info] fatal: bad revision 'refs/heads/master'
2024-10-30 11:51:17.048 [error] [GitHistoryProvider][provideHistoryItems] Failed to get history items with options '{"historyItemRefs":["refs/heads/master"],"limit":50,"skip":0}': Failed to execute git {
  "exitCode": 128,
  "gitCommand": "log",
  "stdout": "",
  "stderr": "fatal: bad revision 'refs/heads/master'\n"
}
2024-10-30 11:51:17.559 [info] > git check-ignore -v -z --stdin [5ms]
2024-10-30 11:51:21.510 [info] [Git][getRemotes] No remotes found in the git config file
2024-10-30 11:51:21.511 [info] > git config --get commit.template [5ms]
2024-10-30 11:51:21.515 [info] > git for-each-ref --format=%(refname)%00%(upstream:short)%00%(objectname)%00%(upstream:track)%00%(upstream:remotename)%00%(upstream:remoteref) refs/heads/master refs/remotes/master [5ms]
2024-10-30 11:51:21.515 [warning] [Git][getBranch] No such branch: master
2024-10-30 11:51:21.524 [info] > git for-each-ref --sort -committerdate --format %(refname) %(objectname) %(*objectname) [2ms]
2024-10-30 11:51:21.627 [info] > git status -z -uall [107ms]
2024-10-30 11:51:26.699 [info] [Git][getRemotes] No remotes found in the git config file
2024-10-30 11:51:26.699 [info] > git config --get commit.template [7ms]
2024-10-30 11:51:26.703 [info] > git for-each-ref --format=%(refname)%00%(upstream:short)%00%(objectname)%00%(upstream:track)%00%(upstream:remotename)%00%(upstream:remoteref) refs/heads/master refs/remotes/master [5ms]
2024-10-30 11:51:26.704 [warning] [Git][getBranch] No such branch: master
2024-10-30 11:51:26.716 [info] > git for-each-ref --sort -committerdate --format %(refname) %(objectname) %(*objectname) [3ms]
2024-10-30 11:51:26.807 [info] > git status -z -uall [96ms]
2024-10-30 11:51:31.882 [info] [Git][getRemotes] No remotes found in the git config file
2024-10-30 11:51:31.883 [info] > git config --get commit.template [7ms]
2024-10-30 11:51:31.885 [info] > git for-each-ref --format=%(refname)%00%(upstream:short)%00%(objectname)%00%(upstream:track)%00%(upstream:remotename)%00%(upstream:remoteref) refs/heads/master refs/remotes/master [3ms]
2024-10-30 11:51:31.885 [warning] [Git][getBranch] No such branch: master
2024-10-30 11:51:31.895 [info] > git for-each-ref --sort -committerdate --format %(refname) %(objectname) %(*objectname) [2ms]
2024-10-30 11:51:31.983 [info] > git status -z -uall [93ms]
2024-10-30 11:51:37.051 [info] [Git][getRemotes] No remotes found in the git config file
2024-10-30 11:51:37.052 [info] > git config --get commit.template [8ms]
2024-10-30 11:51:37.055 [info] > git for-each-ref --format=%(refname)%00%(upstream:short)%00%(objectname)%00%(upstream:track)%00%(upstream:remotename)%00%(upstream:remoteref) refs/heads/master refs/remotes/master [4ms]
2024-10-30 11:51:37.055 [warning] [Git][getBranch] No such branch: master
2024-10-30 11:51:37.065 [info] > git for-each-ref --sort -committerdate --format %(refname) %(objectname) %(*objectname) [2ms]
2024-10-30 11:51:37.158 [info] > git status -z -uall [99ms]
2024-10-30 11:51:42.307 [info] [Git][getRemotes] No remotes found in the git config file
2024-10-30 11:51:42.308 [info] > git config --get commit.template [11ms]
2024-10-30 11:51:42.309 [info] > git for-each-ref --format=%(refname)%00%(upstream:short)%00%(objectname)%00%(upstream:track)%00%(upstream:remotename)%00%(upstream:remoteref) refs/heads/master refs/remotes/master [2ms]
2024-10-30 11:51:42.310 [warning] [Git][getBranch] No such branch: master
2024-10-30 11:51:42.321 [info] > git for-each-ref --sort -committerdate --format %(refname) %(objectname) %(*objectname) [3ms]
2024-10-30 11:51:42.411 [info] > git status -z -uall [97ms]
2024-10-30 11:51:47.479 [info] [Git][getRemotes] No remotes found in the git config file
2024-10-30 11:51:47.482 [info] > git config --get commit.template [4ms]
2024-10-30 11:51:47.487 [info] > git for-each-ref --format=%(refname)%00%(upstream:short)%00%(objectname)%00%(upstream:track)%00%(upstream:remotename)%00%(upstream:remoteref) refs/heads/master refs/remotes/master [5ms]
2024-10-30 11:51:47.487 [warning] [Git][getBranch] No such branch: master
2024-10-30 11:51:47.495 [info] > git for-each-ref --sort -committerdate --format %(refname) %(objectname) %(*objectname) [2ms]
2024-10-30 11:51:47.618 [info] > git status -z -uall [128ms]
2024-10-30 11:51:52.713 [info] [Git][getRemotes] No remotes found in the git config file
2024-10-30 11:51:52.714 [info] > git config --get commit.template [7ms]
2024-10-30 11:51:52.715 [info] > git for-each-ref --format=%(refname)%00%(upstream:short)%00%(objectname)%00%(upstream:track)%00%(upstream:remotename)%00%(upstream:remoteref) refs/heads/master refs/remotes/master [3ms]
2024-10-30 11:51:52.715 [warning] [Git][getBranch] No such branch: master
2024-10-30 11:51:52.726 [info] > git for-each-ref --sort -committerdate --format %(refname) %(objectname) %(*objectname) [2ms]
2024-10-30 11:51:52.819 [info] > git status -z -uall [98ms]
2024-10-30 11:51:57.914 [info] [Git][getRemotes] No remotes found in the git config file
2024-10-30 11:51:57.915 [info] > git config --get commit.template [7ms]
2024-10-30 11:51:57.918 [info] > git for-each-ref --format=%(refname)%00%(upstream:short)%00%(objectname)%00%(upstream:track)%00%(upstream:remotename)%00%(upstream:remoteref) refs/heads/master refs/remotes/master [3ms]
2024-10-30 11:51:57.918 [warning] [Git][getBranch] No such branch: master
2024-10-30 11:51:57.938 [info] > git for-each-ref --sort -committerdate --format %(refname) %(objectname) %(*objectname) [6ms]
2024-10-30 11:51:58.022 [info] > git status -z -uall [99ms]
2024-10-30 11:52:03.111 [info] [Git][getRemotes] No remotes found in the git config file
2024-10-30 11:52:03.112 [info] > git config --get commit.template [11ms]
2024-10-30 11:52:03.113 [info] > git for-each-ref --format=%(refname)%00%(upstream:short)%00%(objectname)%00%(upstream:track)%00%(upstream:remotename)%00%(upstream:remoteref) refs/heads/master refs/remotes/master [2ms]
2024-10-30 11:52:03.113 [warning] [Git][getBranch] No such branch: master
2024-10-30 11:52:03.124 [info] > git for-each-ref --sort -committerdate --format %(refname) %(objectname) %(*objectname) [2ms]
2024-10-30 11:52:03.234 [info] > git status -z -uall [117ms]
2024-10-30 11:52:08.321 [info] [Git][getRemotes] No remotes found in the git config file
2024-10-30 11:52:08.322 [info] > git config --get commit.template [10ms]
2024-10-30 11:52:08.322 [info] > git for-each-ref --format=%(refname)%00%(upstream:short)%00%(objectname)%00%(upstream:track)%00%(upstream:remotename)%00%(upstream:remoteref) refs/heads/master refs/remotes/master [2ms]
2024-10-30 11:52:08.322 [warning] [Git][getBranch] No such branch: master
2024-10-30 11:52:08.331 [info] > git for-each-ref --sort -committerdate --format %(refname) %(objectname) %(*objectname) [2ms]
2024-10-30 11:52:08.416 [info] > git status -z -uall [90ms]
2024-10-30 11:52:13.498 [info] [Git][getRemotes] No remotes found in the git config file
2024-10-30 11:52:13.500 [info] > git config --get commit.template [10ms]
2024-10-30 11:52:13.501 [info] > git for-each-ref --format=%(refname)%00%(upstream:short)%00%(objectname)%00%(upstream:track)%00%(upstream:remotename)%00%(upstream:remoteref) refs/heads/master refs/remotes/master [3ms]
2024-10-30 11:52:13.501 [warning] [Git][getBranch] No such branch: master
2024-10-30 11:52:13.514 [info] > git for-each-ref --sort -committerdate --format %(refname) %(objectname) %(*objectname) [3ms]
2024-10-30 11:52:13.602 [info] > git status -z -uall [96ms]
2024-10-30 11:52:18.663 [info] [Git][getRemotes] No remotes found in the git config file
2024-10-30 11:52:18.664 [info] > git config --get commit.template [7ms]
2024-10-30 11:52:18.665 [info] > git for-each-ref --format=%(refname)%00%(upstream:short)%00%(objectname)%00%(upstream:track)%00%(upstream:remotename)%00%(upstream:remoteref) refs/heads/master refs/remotes/master [2ms]
2024-10-30 11:52:18.665 [warning] [Git][getBranch] No such branch: master
2024-10-30 11:52:18.676 [info] > git for-each-ref --sort -committerdate --format %(refname) %(objectname) %(*objectname) [3ms]
2024-10-30 11:52:18.773 [info] > git status -z -uall [103ms]
2024-10-30 11:52:23.846 [info] [Git][getRemotes] No remotes found in the git config file
2024-10-30 11:52:23.847 [info] > git config --get commit.template [7ms]
2024-10-30 11:52:23.850 [info] > git for-each-ref --format=%(refname)%00%(upstream:short)%00%(objectname)%00%(upstream:track)%00%(upstream:remotename)%00%(upstream:remoteref) refs/heads/master refs/remotes/master [4ms]
2024-10-30 11:52:23.850 [warning] [Git][getBranch] No such branch: master
2024-10-30 11:52:23.861 [info] > git for-each-ref --sort -committerdate --format %(refname) %(objectname) %(*objectname) [2ms]
2024-10-30 11:52:23.950 [info] > git status -z -uall [95ms]
2024-10-30 11:52:29.030 [info] [Git][getRemotes] No remotes found in the git config file
2024-10-30 11:52:29.031 [info] > git config --get commit.template [11ms]
2024-10-30 11:52:29.033 [info] > git for-each-ref --format=%(refname)%00%(upstream:short)%00%(objectname)%00%(upstream:track)%00%(upstream:remotename)%00%(upstream:remoteref) refs/heads/master refs/remotes/master [3ms]
2024-10-30 11:52:29.033 [warning] [Git][getBranch] No such branch: master
2024-10-30 11:52:29.043 [info] > git for-each-ref --sort -committerdate --format %(refname) %(objectname) %(*objectname) [2ms]
2024-10-30 11:52:29.148 [info] > git status -z -uall [111ms]
2024-10-30 11:52:34.222 [info] [Git][getRemotes] No remotes found in the git config file
2024-10-30 11:52:34.223 [info] > git config --get commit.template [8ms]
2024-10-30 11:52:34.224 [info] > git for-each-ref --format=%(refname)%00%(upstream:short)%00%(objectname)%00%(upstream:track)%00%(upstream:remotename)%00%(upstream:remoteref) refs/heads/master refs/remotes/master [2ms]
2024-10-30 11:52:34.224 [warning] [Git][getBranch] No such branch: master
2024-10-30 11:52:34.234 [info] > git for-each-ref --sort -committerdate --format %(refname) %(objectname) %(*objectname) [2ms]
2024-10-30 11:52:34.323 [info] > git status -z -uall [95ms]
2024-10-30 11:52:40.997 [info] [Git][getRemotes] No remotes found in the git config file
2024-10-30 11:52:40.998 [info] > git config --get commit.template [8ms]
2024-10-30 11:52:40.999 [info] > git for-each-ref --format=%(refname)%00%(upstream:short)%00%(objectname)%00%(upstream:track)%00%(upstream:remotename)%00%(upstream:remoteref) refs/heads/master refs/remotes/master [2ms]
2024-10-30 11:52:40.999 [warning] [Git][getBranch] No such branch: master
2024-10-30 11:52:41.010 [info] > git for-each-ref --sort -committerdate --format %(refname) %(objectname) %(*objectname) [3ms]
2024-10-30 11:52:41.093 [info] > git status -z -uall [89ms]
2024-10-30 11:52:46.175 [info] [Git][getRemotes] No remotes found in the git config file
2024-10-30 11:52:46.176 [info] > git config --get commit.template [9ms]
2024-10-30 11:52:46.177 [info] > git for-each-ref --format=%(refname)%00%(upstream:short)%00%(objectname)%00%(upstream:track)%00%(upstream:remotename)%00%(upstream:remoteref) refs/heads/master refs/remotes/master [2ms]
2024-10-30 11:52:46.178 [warning] [Git][getBranch] No such branch: master
2024-10-30 11:52:46.190 [info] > git for-each-ref --sort -committerdate --format %(refname) %(objectname) %(*objectname) [2ms]
2024-10-30 11:52:46.290 [info] > git status -z -uall [105ms]
2024-10-30 11:52:54.998 [info] [Git][getRemotes] No remotes found in the git config file
2024-10-30 11:52:54.999 [info] > git config --get commit.template [6ms]
2024-10-30 11:52:55.000 [info] > git for-each-ref --format=%(refname)%00%(upstream:short)%00%(objectname)%00%(upstream:track)%00%(upstream:remotename)%00%(upstream:remoteref) refs/heads/master refs/remotes/master [2ms]
2024-10-30 11:52:55.001 [warning] [Git][getBranch] No such branch: master
2024-10-30 11:52:55.013 [info] > git for-each-ref --sort -committerdate --format %(refname) %(objectname) %(*objectname) [3ms]
2024-10-30 11:52:55.133 [info] > git status -z -uall [128ms]
2024-10-30 11:52:57.981 [info] > git check-ignore -v -z --stdin [4ms]
2024-10-30 11:52:59.246 [info] > git log --format=%H%n%aN%n%aE%n%at%n%ct%n%P%n%D%n%B -z --shortstat --diff-merges=first-parent -n50 --skip=0 --topo-order --decorate=full --stdin [5ms]
2024-10-30 11:52:59.247 [info] fatal: bad revision 'refs/heads/master'
2024-10-30 11:52:59.248 [error] [GitHistoryProvider][provideHistoryItems] Failed to get history items with options '{"historyItemRefs":["refs/heads/master"],"limit":50,"skip":0}': Failed to execute git {
  "exitCode": 128,
  "gitCommand": "log",
  "stdout": "",
  "stderr": "fatal: bad revision 'refs/heads/master'\n"
}
2024-10-30 11:53:00.215 [info] [Git][getRemotes] No remotes found in the git config file
2024-10-30 11:53:00.216 [info] > git config --get commit.template [8ms]
2024-10-30 11:53:00.219 [info] > git for-each-ref --format=%(refname)%00%(upstream:short)%00%(objectname)%00%(upstream:track)%00%(upstream:remotename)%00%(upstream:remoteref) refs/heads/master refs/remotes/master [4ms]
2024-10-30 11:53:00.220 [warning] [Git][getBranch] No such branch: master
2024-10-30 11:53:00.231 [info] > git for-each-ref --sort -committerdate --format %(refname) %(objectname) %(*objectname) [2ms]
2024-10-30 11:53:00.320 [info] > git status -z -uall [95ms]
2024-10-30 11:53:06.014 [info] [Git][getRemotes] No remotes found in the git config file
2024-10-30 11:53:06.015 [info] > git config --get commit.template [8ms]
2024-10-30 11:53:06.020 [info] > git for-each-ref --format=%(refname)%00%(upstream:short)%00%(objectname)%00%(upstream:track)%00%(upstream:remotename)%00%(upstream:remoteref) refs/heads/master refs/remotes/master [6ms]
2024-10-30 11:53:06.020 [warning] [Git][getBranch] No such branch: master
2024-10-30 11:53:06.039 [info] > git for-each-ref --sort -committerdate --format %(refname) %(objectname) %(*objectname) [3ms]
2024-10-30 11:53:06.156 [info] > git status -z -uall [130ms]
2024-10-30 11:56:18.352 [info] [Git][getRemotes] No remotes found in the git config file
2024-10-30 11:56:18.352 [info] > git config --get commit.template [6ms]
2024-10-30 11:56:18.353 [info] > git fetch [21ms]
2024-10-30 11:56:18.358 [info] > git fetch [20ms]
2024-10-30 11:56:18.362 [warning] [Git][getHEAD] Failed to parse HEAD file: ENOENT: no such file or directory, open '/home/rcrombe/intra_front/.git/HEAD'
2024-10-30 11:56:18.365 [warning] [Git][getRemotes] Error: ENOENT: no such file or directory, open '/home/rcrombe/intra_front/.git/config'
2024-10-30 11:56:18.368 [info] > git for-each-ref --format=%(refname)%00%(upstream:short)%00%(objectname)%00%(upstream:track)%00%(upstream:remotename)%00%(upstream:remoteref) refs/heads/master refs/remotes/master [17ms]
2024-10-30 11:56:18.368 [warning] [Git][getBranch] No such branch: master
2024-10-30 11:56:18.372 [info] > git config --get commit.template [4ms]
2024-10-30 11:56:18.372 [info] > git remote --verbose [7ms]
2024-10-30 11:56:18.373 [info] > git symbolic-ref --short HEAD [10ms]
2024-10-30 11:56:18.376 [info] > git config --get commit.template [19ms]
2024-10-30 11:56:18.380 [info] [Git][getRemotes] No remotes found in the git config file
2024-10-30 11:56:18.380 [info] > git for-each-ref --format=%(refname)%00%(upstream:short)%00%(objectname)%00%(upstream:track)%00%(upstream:remotename)%00%(upstream:remoteref) refs/heads/master refs/remotes/master [4ms]
2024-10-30 11:56:18.381 [warning] [Git][getBranch] No such branch: master
2024-10-30 11:56:18.388 [info] > git for-each-ref --format=%(refname)%00%(upstream:short)%00%(objectname)%00%(upstream:track)%00%(upstream:remotename)%00%(upstream:remoteref) refs/heads/master refs/remotes/master [8ms]
2024-10-30 11:56:18.388 [warning] [Git][getBranch] No such branch: master
2024-10-30 11:56:18.401 [info] > git for-each-ref --sort -committerdate --format %(refname) %(objectname) %(*objectname) [13ms]
2024-10-30 11:56:18.408 [info] > git for-each-ref --sort -committerdate --format %(refname) %(objectname) %(*objectname) [8ms]
2024-10-30 11:56:18.500 [info] > git status -z -uall [116ms]
2024-10-30 11:56:18.603 [info] > git status -z -uall [209ms]
2024-10-30 11:56:23.393 [info] [Git][getRemotes] No remotes found in the git config file
2024-10-30 11:56:23.395 [info] > git config --get commit.template [11ms]
2024-10-30 11:56:23.396 [info] > git for-each-ref --format=%(refname)%00%(upstream:short)%00%(objectname)%00%(upstream:track)%00%(upstream:remotename)%00%(upstream:remoteref) refs/heads/master refs/remotes/master [2ms]
2024-10-30 11:56:23.396 [warning] [Git][getBranch] No such branch: master
2024-10-30 11:56:23.407 [info] > git for-each-ref --sort -committerdate --format %(refname) %(objectname) %(*objectname) [2ms]
2024-10-30 11:56:23.492 [info] > git status -z -uall [91ms]
2024-10-30 11:56:25.235 [info] > git rev-parse --show-toplevel [4ms]
2024-10-30 11:56:25.236 [info] fatal: not a git repository (or any parent up to mount point /)
Stopping at filesystem boundary (GIT_DISCOVERY_ACROSS_FILESYSTEM not set).
2024-10-30 11:56:25.713 [info] > git check-ignore -v -z --stdin [4ms]
2024-10-30 11:56:29.161 [info] > git log --format=%H%n%aN%n%aE%n%at%n%ct%n%P%n%D%n%B -z --shortstat --diff-merges=first-parent -n50 --skip=0 --topo-order --decorate=full --stdin [10ms]
2024-10-30 11:56:29.161 [info] fatal: bad revision 'refs/heads/master'
2024-10-30 11:56:29.163 [error] [GitHistoryProvider][provideHistoryItems] Failed to get history items with options '{"historyItemRefs":["refs/heads/master"],"limit":50,"skip":0}': Failed to execute git {
  "exitCode": 128,
  "gitCommand": "log",
  "stdout": "",
  "stderr": "fatal: bad revision 'refs/heads/master'\n"
}
2024-10-30 11:56:29.164 [info] > git config --get commit.template [3ms]
2024-10-30 11:56:29.169 [info] [Git][getRemotes] No remotes found in the git config file
2024-10-30 11:56:29.172 [info] > git for-each-ref --format=%(refname)%00%(upstream:short)%00%(objectname)%00%(upstream:track)%00%(upstream:remotename)%00%(upstream:remoteref) refs/heads/master refs/remotes/master [2ms]
2024-10-30 11:56:29.172 [warning] [Git][getBranch] No such branch: master
2024-10-30 11:56:29.194 [info] > git for-each-ref --sort -committerdate --format %(refname) %(objectname) %(*objectname) [3ms]
2024-10-30 11:56:29.293 [info] > git status -z -uall [108ms]
2024-10-30 11:56:34.360 [info] [Git][getRemotes] No remotes found in the git config file
2024-10-30 11:56:34.362 [info] > git config --get commit.template [11ms]
2024-10-30 11:56:34.362 [info] > git for-each-ref --format=%(refname)%00%(upstream:short)%00%(objectname)%00%(upstream:track)%00%(upstream:remotename)%00%(upstream:remoteref) refs/heads/master refs/remotes/master [3ms]
2024-10-30 11:56:34.363 [warning] [Git][getBranch] No such branch: master
2024-10-30 11:56:34.375 [info] > git for-each-ref --sort -committerdate --format %(refname) %(objectname) %(*objectname) [2ms]
2024-10-30 11:56:34.459 [info] > git status -z -uall [92ms]
2024-10-30 11:56:39.534 [info] [Git][getRemotes] No remotes found in the git config file
2024-10-30 11:56:39.534 [info] > git config --get commit.template [8ms]
2024-10-30 11:56:39.537 [info] > git for-each-ref --format=%(refname)%00%(upstream:short)%00%(objectname)%00%(upstream:track)%00%(upstream:remotename)%00%(upstream:remoteref) refs/heads/master refs/remotes/master [4ms]
2024-10-30 11:56:39.537 [warning] [Git][getBranch] No such branch: master
2024-10-30 11:56:39.548 [info] > git for-each-ref --sort -committerdate --format %(refname) %(objectname) %(*objectname) [2ms]
2024-10-30 11:56:39.639 [info] > git status -z -uall [97ms]
2024-10-30 11:56:40.236 [info] > git log --format=%H%n%aN%n%aE%n%at%n%ct%n%P%n%D%n%B -z --shortstat --diff-merges=first-parent -n50 --skip=0 --topo-order --decorate=full --stdin [28ms]
2024-10-30 11:56:40.236 [info] fatal: bad revision 'refs/heads/master'
2024-10-30 11:56:40.237 [error] [GitHistoryProvider][provideHistoryItems] Failed to get history items with options '{"historyItemRefs":["refs/heads/master"],"limit":50,"skip":0}': Failed to execute git {
  "exitCode": 128,
  "gitCommand": "log",
  "stdout": "",
  "stderr": "fatal: bad revision 'refs/heads/master'\n"
}
